Using pre-set license
Built from '2021.2/staging' branch; Version is '2021.2.7f1 (6bd9e232123f) revision 7068130'; Using compiler version '192829333'; Build Type 'Release'
OS: 'Windows 11  (10.0.22000) 64bit Core' Language: 'en' Physical Memory: 32658 MB
BatchMode: 1, IsHumanControllingUs: 0, StartBugReporterOnCrash: 0, Is64bit: 1, IsPro: 0

COMMAND LINE ARGUMENTS:
C:\Program Files\Unity\Hub\Editor\2021.2.7f1\Editor\Unity.exe
-adb2
-batchMode
-noUpm
-name
AssetImportWorker4
-projectPath
D:/UnityTrainingSolution/OnboardingExperience
-logFile
Logs/AssetImportWorker4.log
-srvPort
1037
Successfully changed project path to: D:/UnityTrainingSolution/OnboardingExperience
D:/UnityTrainingSolution/OnboardingExperience
[UnityMemory] Configuration Parameters - Can be set up in boot.config
    "memorysetup-bucket-allocator-granularity=16"
    "memorysetup-bucket-allocator-bucket-count=8"
    "memorysetup-bucket-allocator-block-size=33554432"
    "memorysetup-bucket-allocator-block-count=8"
    "memorysetup-main-allocator-block-size=16777216"
    "memorysetup-thread-allocator-block-size=16777216"
    "memorysetup-gfx-main-allocator-block-size=16777216"
    "memorysetup-gfx-thread-allocator-block-size=16777216"
    "memorysetup-cache-allocator-block-size=4194304"
    "memorysetup-typetree-allocator-block-size=2097152"
    "memorysetup-profiler-bucket-allocator-granularity=16"
    "memorysetup-profiler-bucket-allocator-bucket-count=8"
    "memorysetup-profiler-bucket-allocator-block-size=33554432"
    "memorysetup-profiler-bucket-allocator-block-count=8"
    "memorysetup-profiler-allocator-block-size=16777216"
    "memorysetup-profiler-editor-allocator-block-size=1048576"
    "memorysetup-temp-allocator-size-main=16777216"
    "memorysetup-job-temp-allocator-block-size=2097152"
    "memorysetup-job-temp-allocator-block-size-background=1048576"
    "memorysetup-job-temp-allocator-reduction-small-platforms=262144"
    "memorysetup-temp-allocator-size-background-worker=32768"
    "memorysetup-temp-allocator-size-job-worker=262144"
    "memorysetup-temp-allocator-size-preload-manager=33554432"
    "memorysetup-temp-allocator-size-nav-mesh-worker=65536"
    "memorysetup-temp-allocator-size-audio-worker=65536"
    "memorysetup-temp-allocator-size-cloud-worker=32768"
    "memorysetup-temp-allocator-size-gi-baking-worker=262144"
    "memorysetup-temp-allocator-size-gfx=262144"
Refreshing native plugins compatible for Editor in 48.62 ms, found 2 plugins.
Preloading 0 native plugins for Editor in 0.00 ms.
Initialize engine version: 2021.2.7f1 (6bd9e232123f)
[Subsystems] Discovering subsystems at path C:/Program Files/Unity/Hub/Editor/2021.2.7f1/Editor/Data/Resources/UnitySubsystems
[Subsystems] Discovering subsystems at path D:/UnityTrainingSolution/OnboardingExperience/Assets
GfxDevice: creating device client; threaded=0; jobified=0
Direct3D:
    Version:  Direct3D 11.0 [level 11.1]
    Renderer: NVIDIA GeForce RTX 3080 (ID=0x2206)
    Vendor:   NVIDIA
    VRAM:     10078 MB
    Driver:   30.0.15.1179
Initialize mono
Mono path[0] = 'C:/Program Files/Unity/Hub/Editor/2021.2.7f1/Editor/Data/Managed'
Mono path[1] = 'C:/Program Files/Unity/Hub/Editor/2021.2.7f1/Editor/Data/MonoBleedingEdge/lib/mono/unityjit-win32'
Mono config path = 'C:/Program Files/Unity/Hub/Editor/2021.2.7f1/Editor/Data/MonoBleedingEdge/etc'
Using monoOptions --debugger-agent=transport=dt_socket,embedding=1,server=y,suspend=n,address=127.0.0.1:56280
Begin MonoManager ReloadAssembly
Registering precompiled unity dll's ...
Register platform support module: C:/Program Files/Unity/Hub/Editor/2021.2.7f1/Editor/Data/PlaybackEngines/WebGLSupport/UnityEditor.WebGL.Extensions.dll
Register platform support module: C:/Program Files/Unity/Hub/Editor/2021.2.7f1/Editor/Data/PlaybackEngines/MacStandaloneSupport/UnityEditor.OSXStandalone.Extensions.dll
Register platform support module: C:/Program Files/Unity/Hub/Editor/2021.2.7f1/Editor/Data/PlaybackEngines/WindowsStandaloneSupport/UnityEditor.WindowsStandalone.Extensions.dll
Registered in 0.005082 seconds.
Native extension for WindowsStandalone target not found
Native extension for OSXStandalone target not found
Native extension for WebGL target not found
Refreshing native plugins compatible for Editor in 47.01 ms, found 2 plugins.
Preloading 0 native plugins for Editor in 0.00 ms.
Mono: successfully reloaded assembly
- Completed reload, in  0.513 seconds
Domain Reload Profiling:
	ReloadAssembly (514ms)
		BeginReloadAssembly (59ms)
			ExecutionOrderSort (0ms)
			DisableScriptedObjects (0ms)
			BackupInstance (0ms)
			ReleaseScriptingObjects (0ms)
			CreateAndSetChildDomain (1ms)
		EndReloadAssembly (388ms)
			LoadAssemblies (58ms)
			RebuildTransferFunctionScriptingTraits (0ms)
			SetupTypeCache (89ms)
			ReleaseScriptCaches (0ms)
			RebuildScriptCaches (24ms)
			SetupLoadedEditorAssemblies (230ms)
				LogAssemblyErrors (0ms)
				InitializePlatformSupportModulesInManaged (15ms)
				SetLoadedEditorAssemblies (0ms)
				RefreshPlugins (47ms)
				BeforeProcessingInitializeOnLoad (2ms)
				ProcessInitializeOnLoadAttributes (128ms)
				ProcessInitializeOnLoadMethodAttributes (38ms)
				AfterProcessingInitializeOnLoad (0ms)
				EditorAssembliesLoaded (0ms)
			ExecutionOrderSort2 (0ms)
			AwakeInstancesAfterBackupRestoration (0ms)
Platform modules already initialized, skipping
Registering precompiled user dll's ...
Registered in 0.008648 seconds.
Begin MonoManager ReloadAssembly
Native extension for WindowsStandalone target not found
Native extension for OSXStandalone target not found
Native extension for WebGL target not found
Refreshing native plugins compatible for Editor in 43.26 ms, found 2 plugins.
Preloading 0 native plugins for Editor in 0.00 ms.
Mono: successfully reloaded assembly
- Completed reload, in  1.472 seconds
Domain Reload Profiling:
	ReloadAssembly (1472ms)
		BeginReloadAssembly (95ms)
			ExecutionOrderSort (0ms)
			DisableScriptedObjects (5ms)
			BackupInstance (0ms)
			ReleaseScriptingObjects (0ms)
			CreateAndSetChildDomain (20ms)
		EndReloadAssembly (1287ms)
			LoadAssemblies (72ms)
			RebuildTransferFunctionScriptingTraits (0ms)
			SetupTypeCache (224ms)
			ReleaseScriptCaches (1ms)
			RebuildScriptCaches (53ms)
			SetupLoadedEditorAssemblies (904ms)
				LogAssemblyErrors (0ms)
				InitializePlatformSupportModulesInManaged (11ms)
				SetLoadedEditorAssemblies (0ms)
				RefreshPlugins (43ms)
				BeforeProcessingInitializeOnLoad (72ms)
				ProcessInitializeOnLoadAttributes (705ms)
				ProcessInitializeOnLoadMethodAttributes (68ms)
				AfterProcessingInitializeOnLoad (5ms)
				EditorAssembliesLoaded (0ms)
			ExecutionOrderSort2 (0ms)
			AwakeInstancesAfterBackupRestoration (4ms)
Platform modules already initialized, skipping
========================================================================
Worker process is ready to serve import requests
Launched and connected shader compiler UnityShaderCompiler.exe after 0.03 seconds
Refreshing native plugins compatible for Editor in 0.67 ms, found 2 plugins.
Preloading 0 native plugins for Editor in 0.00 ms.
Unloading 3692 Unused Serialized files (Serialized files now loaded: 0)
Unloading 52 unused Assets / (0.8 MB). Loaded Objects now: 4137.
Memory consumption went from 171.6 MB to 170.9 MB.
Total: 3.525500 ms (FindLiveObjects: 0.296000 ms CreateObjectMapping: 0.213500 ms MarkObjects: 2.745300 ms  DeleteObjects: 0.269800 ms)

AssetImportParameters requested are different than current active one (requested -> active):
  custom:video-decoder-ogg-theora: a1e56fd34408186e4bbccfd4996cb3dc -> 
  custom:container-muxer-webm: aa71ff27fc2769a1b78a27578f13a17b -> 
  custom:container-demuxer-webm: 4f35f7cbe854078d1ac9338744f61a02 -> 
  custom:video-encoder-webm-vp8: eb34c28f22e8b96e1ab97ce403110664 -> 
  custom:audio-encoder-webm-vorbis: bf7c407c2cedff20999df2af8eb42d56 -> 
  custom:framework-win-MediaFoundation: 216162199b28c13a410421893ffa2e32 -> 
  custom:container-demuxer-ogg: 62fdf1f143b41e24485cea50d1cbac27 -> 
  custom:video-decoder-webm-vp8: 9c59270c3fd7afecdb556c50c9e8de78 -> 
  custom:audio-decoder-ogg-vorbis: bf7c407c2cedff20999df2af8eb42d56 -> 
========================================================================
Received Import Request.
  Time since last request: 50189.251946 seconds.
  path: Assets/Resources/Unity-Training/Scripts/Editor/PopUps/ScriptableObjects/Auditor/ViewingTheReport.asset
  artifactKey: Guid(93a0f13f89d022a419c4e2f78f4d44af) Importer(815301076,1909f56bfc062723c751e8b465ee728b)
Start importing Assets/Resources/Unity-Training/Scripts/Editor/PopUps/ScriptableObjects/Auditor/ViewingTheReport.asset using Guid(93a0f13f89d022a419c4e2f78f4d44af) Importer(815301076,1909f56bfc062723c751e8b465ee728b)  -> (artifact id: '892d5edcabbdba560f949cc217af22a6') in 0.036781 seconds 
========================================================================
Received Import Request.
  Time since last request: 0.000024 seconds.
  path: Assets/Resources/Unity-Training/Scripts/Editor/PopUps/ScriptableObjects/Auditor/ExportingTheReport.asset
  artifactKey: Guid(b230a9a7fa88a8c45ad99628c02d3b0e) Importer(815301076,1909f56bfc062723c751e8b465ee728b)
Start importing Assets/Resources/Unity-Training/Scripts/Editor/PopUps/ScriptableObjects/Auditor/ExportingTheReport.asset using Guid(b230a9a7fa88a8c45ad99628c02d3b0e) Importer(815301076,1909f56bfc062723c751e8b465ee728b)  -> (artifact id: '42334576bf617d877d82be708a3113e6') in 0.025629 seconds 
========================================================================
Received Import Request.
  Time since last request: 90.349790 seconds.
  path: Assets/Resources/Unity-Training/Scripts/Editor/PopUps/ScriptableObjects/Build
  artifactKey: Guid(ac412fd3f589d074b8fde34ddb2eb442) Importer(815301076,1909f56bfc062723c751e8b465ee728b)
Start importing Assets/Resources/Unity-Training/Scripts/Editor/PopUps/ScriptableObjects/Build using Guid(ac412fd3f589d074b8fde34ddb2eb442) Importer(815301076,1909f56bfc062723c751e8b465ee728b)  -> (artifact id: '75c0ce5047a2acdbfbe063f771d964a5') in 0.006603 seconds 
========================================================================
Received Import Request.
  Time since last request: 8.912119 seconds.
  path: Assets/Resources/Unity-Training/Scripts/Editor/PopUps/ScriptableObjects/Build/CreatingBuilds.asset
  artifactKey: Guid(c04cea4b5c3c6a74d8df749a7a19d6db) Importer(815301076,1909f56bfc062723c751e8b465ee728b)
Start importing Assets/Resources/Unity-Training/Scripts/Editor/PopUps/ScriptableObjects/Build/CreatingBuilds.asset using Guid(c04cea4b5c3c6a74d8df749a7a19d6db) Importer(815301076,1909f56bfc062723c751e8b465ee728b)  -> (artifact id: 'd0b4e9967e9edbabd1ccb1f42176fca1') in 0.008502 seconds 
========================================================================
Received Import Request.
  Time since last request: 10.685351 seconds.
  path: Assets/Resources/Unity-Training/Scripts/Editor/PopUps/ScriptableObjects/Build/RunningBuilds.asset
  artifactKey: Guid(44d841af4f2846c4897b409cf8b48e09) Importer(815301076,1909f56bfc062723c751e8b465ee728b)
Start importing Assets/Resources/Unity-Training/Scripts/Editor/PopUps/ScriptableObjects/Build/RunningBuilds.asset using Guid(44d841af4f2846c4897b409cf8b48e09) Importer(815301076,1909f56bfc062723c751e8b465ee728b)  -> (artifact id: '8335affb14dd343dc71558e75470bd8d') in 0.022098 seconds 
========================================================================
Received Import Request.
  Time since last request: 6695.285884 seconds.
  path: Assets/Resources/Unity-Training/Scripts/Editor/PopUpManager/TutorialManager.asset
  artifactKey: Guid(ed8b3721bd7e2d84a8c546023ab572df) Importer(815301076,1909f56bfc062723c751e8b465ee728b)
Start importing Assets/Resources/Unity-Training/Scripts/Editor/PopUpManager/TutorialManager.asset using Guid(ed8b3721bd7e2d84a8c546023ab572df) Importer(815301076,1909f56bfc062723c751e8b465ee728b)  -> (artifact id: 'd41cfc6ed3b537312ce920ea8fd4f7b3') in 0.388860 seconds 
========================================================================
Received Import Request.
  Time since last request: 27.601849 seconds.
  path: Assets/Resources/Unity-Training/Scripts/Editor/PopUpManager/New Popup Template.asset
  artifactKey: Guid(20c55baba40233246a44f4cb6a928490) Importer(815301076,1909f56bfc062723c751e8b465ee728b)
Start importing Assets/Resources/Unity-Training/Scripts/Editor/PopUpManager/New Popup Template.asset using Guid(20c55baba40233246a44f4cb6a928490) Importer(815301076,1909f56bfc062723c751e8b465ee728b)  -> (artifact id: '82b48e5d0dd4413603a8e6b9ed5e256d') in 0.024178 seconds 
========================================================================
Received Import Request.
  Time since last request: 81.004187 seconds.
  path: Assets/Scenes/BugLand/BugLand.unity
  artifactKey: Guid(1867672b9b859a74a998d0a0145725a4) Importer(815301076,1909f56bfc062723c751e8b465ee728b)
Start importing Assets/Scenes/BugLand/BugLand.unity using Guid(1867672b9b859a74a998d0a0145725a4) Importer(815301076,1909f56bfc062723c751e8b465ee728b)  -> (artifact id: 'fc22ca46425d8a6d9c897d5bef8c6503') in 0.008488 seconds 
========================================================================
Received Prepare
Registering precompiled user dll's ...
Registered in 0.008675 seconds.
Begin MonoManager ReloadAssembly
Native extension for WindowsStandalone target not found
Native extension for OSXStandalone target not found
Native extension for WebGL target not found
Refreshing native plugins compatible for Editor in 0.75 ms, found 2 plugins.
Preloading 0 native plugins for Editor in 0.00 ms.
Mono: successfully reloaded assembly
- Completed reload, in  1.187 seconds
Domain Reload Profiling:
	ReloadAssembly (1188ms)
		BeginReloadAssembly (126ms)
			ExecutionOrderSort (0ms)
			DisableScriptedObjects (5ms)
			BackupInstance (0ms)
			ReleaseScriptingObjects (0ms)
			CreateAndSetChildDomain (40ms)
		EndReloadAssembly (975ms)
			LoadAssemblies (78ms)
			RebuildTransferFunctionScriptingTraits (0ms)
			SetupTypeCache (260ms)
			ReleaseScriptCaches (1ms)
			RebuildScriptCaches (52ms)
			SetupLoadedEditorAssemblies (533ms)
				LogAssemblyErrors (0ms)
				InitializePlatformSupportModulesInManaged (13ms)
				SetLoadedEditorAssemblies (0ms)
				RefreshPlugins (1ms)
				BeforeProcessingInitializeOnLoad (66ms)
				ProcessInitializeOnLoadAttributes (374ms)
				ProcessInitializeOnLoadMethodAttributes (74ms)
				AfterProcessingInitializeOnLoad (5ms)
				EditorAssembliesLoaded (0ms)
			ExecutionOrderSort2 (0ms)
			AwakeInstancesAfterBackupRestoration (7ms)
Platform modules already initialized, skipping
Refreshing native plugins compatible for Editor in 1.04 ms, found 2 plugins.
Preloading 0 native plugins for Editor in 0.00 ms.
Unloading 3557 Unused Serialized files (Serialized files now loaded: 0)
Unloading 35 unused Assets / (0.8 MB). Loaded Objects now: 4152.
Memory consumption went from 162.0 MB to 161.3 MB.
Total: 5.072200 ms (FindLiveObjects: 0.409200 ms CreateObjectMapping: 0.457100 ms MarkObjects: 3.850200 ms  DeleteObjects: 0.354400 ms)

AssetImportParameters requested are different than current active one (requested -> active):
  custom:video-decoder-ogg-theora: a1e56fd34408186e4bbccfd4996cb3dc -> 
  custom:container-muxer-webm: aa71ff27fc2769a1b78a27578f13a17b -> 
  custom:container-demuxer-webm: 4f35f7cbe854078d1ac9338744f61a02 -> 
  custom:video-encoder-webm-vp8: eb34c28f22e8b96e1ab97ce403110664 -> 
  custom:audio-encoder-webm-vorbis: bf7c407c2cedff20999df2af8eb42d56 -> 
  custom:framework-win-MediaFoundation: 216162199b28c13a410421893ffa2e32 -> 
  custom:container-demuxer-ogg: 62fdf1f143b41e24485cea50d1cbac27 -> 
  custom:video-decoder-webm-vp8: 9c59270c3fd7afecdb556c50c9e8de78 -> 
  custom:audio-decoder-ogg-vorbis: bf7c407c2cedff20999df2af8eb42d56 -> 
========================================================================
Received Import Request.
  Time since last request: 595.007887 seconds.
  path: Assets/Scenes/New Scene.unity
  artifactKey: Guid(e6a8b6a8f962ea343a75c30064ca01aa) Importer(815301076,1909f56bfc062723c751e8b465ee728b)
Start importing Assets/Scenes/New Scene.unity using Guid(e6a8b6a8f962ea343a75c30064ca01aa) Importer(815301076,1909f56bfc062723c751e8b465ee728b)  -> (artifact id: '85af8b0a8eb6085a55d5cf561a97e2fc') in 0.027555 seconds 
========================================================================
Received Import Request.
  Time since last request: 12433.554357 seconds.
  path: Assets/Resources/Unity-Training/Scripts/Editor/PopUpManager/New Popup Template 1.asset
  artifactKey: Guid(438c564a4d5914347a2bb840cfbda13f) Importer(815301076,1909f56bfc062723c751e8b465ee728b)
Start importing Assets/Resources/Unity-Training/Scripts/Editor/PopUpManager/New Popup Template 1.asset using Guid(438c564a4d5914347a2bb840cfbda13f) Importer(815301076,1909f56bfc062723c751e8b465ee728b)  -> (artifact id: '3b94358f1edfd1e4cdc501b8635c2aaf') in 0.026617 seconds 
========================================================================
Received Prepare
Registering precompiled user dll's ...
Registered in 0.008356 seconds.
Begin MonoManager ReloadAssembly
Native extension for WindowsStandalone target not found
Native extension for OSXStandalone target not found
Native extension for WebGL target not found
Refreshing native plugins compatible for Editor in 0.77 ms, found 2 plugins.
Preloading 0 native plugins for Editor in 0.00 ms.
Mono: successfully reloaded assembly
- Completed reload, in  1.276 seconds
Domain Reload Profiling:
	ReloadAssembly (1277ms)
		BeginReloadAssembly (152ms)
			ExecutionOrderSort (0ms)
			DisableScriptedObjects (5ms)
			BackupInstance (0ms)
			ReleaseScriptingObjects (0ms)
			CreateAndSetChildDomain (47ms)
		EndReloadAssembly (1032ms)
			LoadAssemblies (85ms)
			RebuildTransferFunctionScriptingTraits (0ms)
			SetupTypeCache (263ms)
			ReleaseScriptCaches (2ms)
			RebuildScriptCaches (69ms)
			SetupLoadedEditorAssemblies (554ms)
				LogAssemblyErrors (0ms)
				InitializePlatformSupportModulesInManaged (16ms)
				SetLoadedEditorAssemblies (0ms)
				RefreshPlugins (1ms)
				BeforeProcessingInitializeOnLoad (71ms)
				ProcessInitializeOnLoadAttributes (384ms)
				ProcessInitializeOnLoadMethodAttributes (77ms)
				AfterProcessingInitializeOnLoad (5ms)
				EditorAssembliesLoaded (0ms)
			ExecutionOrderSort2 (0ms)
			AwakeInstancesAfterBackupRestoration (8ms)
Platform modules already initialized, skipping
Refreshing native plugins compatible for Editor in 0.77 ms, found 2 plugins.
Preloading 0 native plugins for Editor in 0.00 ms.
Unloading 3556 Unused Serialized files (Serialized files now loaded: 0)
Unloading 35 unused Assets / (0.8 MB). Loaded Objects now: 4166.
Memory consumption went from 162.0 MB to 161.3 MB.
Total: 4.522600 ms (FindLiveObjects: 0.414700 ms CreateObjectMapping: 0.398300 ms MarkObjects: 3.198000 ms  DeleteObjects: 0.510200 ms)

AssetImportParameters requested are different than current active one (requested -> active):
  custom:video-decoder-ogg-theora: a1e56fd34408186e4bbccfd4996cb3dc -> 
  custom:container-muxer-webm: aa71ff27fc2769a1b78a27578f13a17b -> 
  custom:container-demuxer-webm: 4f35f7cbe854078d1ac9338744f61a02 -> 
  custom:video-encoder-webm-vp8: eb34c28f22e8b96e1ab97ce403110664 -> 
  custom:audio-encoder-webm-vorbis: bf7c407c2cedff20999df2af8eb42d56 -> 
  custom:framework-win-MediaFoundation: 216162199b28c13a410421893ffa2e32 -> 
  custom:container-demuxer-ogg: 62fdf1f143b41e24485cea50d1cbac27 -> 
  custom:video-decoder-webm-vp8: 9c59270c3fd7afecdb556c50c9e8de78 -> 
  custom:audio-decoder-ogg-vorbis: bf7c407c2cedff20999df2af8eb42d56 -> 
